<?xml version="1.0" encoding="UTF-8"?>
<testng-results skipped="0" failed="0" ignored="0" total="1" passed="1">
  <reporter-output>
    <line>
      <![CDATA[Plan Type:]]>
    </line>
    <line>
      <![CDATA[Closed browser]]>
    </line>
  </reporter-output>
  <suite name="Default suite" duration-ms="155516" started-at="2019-05-14T11:55:06Z" finished-at="2019-05-14T11:57:41Z">
    <groups>
    </groups>
    <test name="Default test" duration-ms="155516" started-at="2019-05-14T11:55:06Z" finished-at="2019-05-14T11:57:41Z">
      <class name="com.surveymonkey.testcases.PaidPlanForUser">
        <test-method status="PASS" signature="testSetup()[pri:0, instance:com.surveymonkey.testcases.PaidPlanForUser@c038203]" name="testSetup" is-config="true" duration-ms="22946" started-at="2019-05-14T11:55:06Z" finished-at="2019-05-14T11:55:29Z">
          <reporter-output>
          </reporter-output>
        </test-method> <!-- testSetup -->
        <test-method status="PASS" signature="verifyPaidPlanForUser()[pri:0, instance:com.surveymonkey.testcases.PaidPlanForUser@c038203]" name="verifyPaidPlanForUser" duration-ms="130461" started-at="2019-05-14T11:55:29Z" finished-at="2019-05-14T11:57:39Z">
          <reporter-output>
            <line>
              <![CDATA[Plan Type:]]>
            </line>
          </reporter-output>
        </test-method> <!-- verifyPaidPlanForUser -->
        <test-method status="PASS" signature="testTearDown()[pri:0, instance:com.surveymonkey.testcases.PaidPlanForUser@c038203]" name="testTearDown" is-config="true" duration-ms="2068" started-at="2019-05-14T11:57:39Z" finished-at="2019-05-14T11:57:41Z">
          <reporter-output>
            <line>
              <![CDATA[Closed browser]]>
            </line>
          </reporter-output>
        </test-method> <!-- testTearDown -->
      </class> <!-- com.surveymonkey.testcases.PaidPlanForUser -->
    </test> <!-- Default test -->
  </suite> <!-- Default suite -->
</testng-results>
